<?xml version="1.0" encoding="UTF-8"?>
<!-- Generated by org.testng.reporters.JUnitReportReporter -->
<testsuite hostname="DESKTOP-A9ARH4A" failures="0" tests="1" name="CROWN.CICOD.COM.OrderHistory.VIEW_ORDER_HISTORY" time="30.959" errors="0" timestamp="03 Dec 2020 08:41:35 GMT" skipped="0">
  <testcase classname="CROWN.CICOD.COM.OrderHistory.VIEW_ORDER_HISTORY" name="VIEW_ORDER_history" time="30.959"/>
</testsuite> <!-- CROWN.CICOD.COM.OrderHistory.VIEW_ORDER_HISTORY -->
