<?xml version="1.0" encoding="UTF-8"?>
<!-- Generated by org.testng.reporters.JUnitReportReporter -->
<testsuite hostname="DESKTOP-A9ARH4A" failures="0" tests="7" name="CROWN.CICOD.COM.Account.CustomerAccount" time="97.562" errors="0" timestamp="10 Dec 2020 14:52:39 GMT" skipped="1">
  <testcase classname="CROWN.CICOD.COM.Account.CustomerAccount" name="loginAsAdmin" time="8.114"/>
  <testcase classname="CROWN.CICOD.COM.Account.CustomerAccount" name="COM" time="8.201"/>
  <testcase classname="CROWN.CICOD.COM.Account.CustomerAccount" name="AccountButton" time="11.521"/>
  <testcase classname="CROWN.CICOD.COM.Account.CustomerAccount" name="AccountButton" time="62.142">
    <skipped/>
  </testcase> <!-- AccountButton -->
  <testcase classname="CROWN.CICOD.COM.Account.CustomerAccount" name="CustomerAccountButton" time="5.346"/>
  <testcase classname="CROWN.CICOD.COM.Account.CustomerAccount" name="AssertCustomerAccount" time="1.072"/>
  <testcase classname="CROWN.CICOD.COM.Account.CustomerAccount" name="AssertValueofCustomerAccount" time="1.166"/>
</testsuite> <!-- CROWN.CICOD.COM.Account.CustomerAccount -->
